661958431CD8A85EB81308D5254D38BDA8AED509D76330551C034ED142DAEE3E790081C1CACEA2F41BD420AE27F5645B84D6D18A356032405696F5978B671097AC30A6BC50A678BD3F2DD4DC35F5BD0FFC09532C03D619E75752E94AEE008A24796AD5A463E3469CCF9E07A1D83D024DFA95E301AA0D120271EE188115C837A1
2650747EC9A2DC4753C68E2653B55B147735093C6BB9C65B3332FD34ADD8BF255692146EF80B13BF9CBFBD505B34D603902A2B27B75EB59A2AEB391355EDA97F8344F5A87300A56646FEDF4B0E97AB00CD0FAC115A14DCD7BC4731CE3DBB34F5DF186E5C50A62B98DF7C3F41C1BEC5484E17F85D34720DACD000EBA073EA6AFA
BF3BDEC67C43900564B987CD75D51CF8CD7B5816D842B1A4C0971B82C17284DC94A435AD8AA63CABA1C85F49F6420A38EAFEF1DA5DCC8C0BE2B5CED2E5C1B3641247E7623EDCAF294352B1623C43A5BE596A995ECF2FD48ABEC312AFEBA77E799A9C953A79CFB2FFE45B0F6A31505337BD12979206B9639D292CF18AB11C9023
2FED0F4EE8A6DD219D258E224FBDCF738667443D2A8B774E2F1FB0A2177CD4752A381C38777D11E31FBB6EA95B25062089E42647945A89838B52288A1390EB55BF9BEF1F3DC7E03C3BB8450EE1ABCAFD8962095C5855745E446D259E6025235FDF6A5735FC8DC377D6D24FDBC8D4A6025C5D86E60F8C0DFC6E412CF80866AF53
13B5591F5AA7F6AB6435E6B723612544266735299741B8CE89DC26FAC2C6AE7BD1AFF5B078A8C6B5D48994FD09550CF7E190A44CE7D336C4469E85F9680A9A7C204554ACE3202C6995DE9ECF24DD367B024279CF54B7210A0D12E924DD0F701DD04C75ECF969F3AC71F7732C492A7D5C6CA90522EECA3D38261E737B6012BFFF
5BCFB4754F3E30B4806C5FEA34E6C67D6DCCE2EA53DE28246BECB680724FEE8FCDC3CAB6E5C41B5A0627AD0F34D4FF1100CEA74DFB006A75C74E352AB06A441AD88937AF115D5A4007BBBA2F2582D212217D5D73E71D5D62FC375C33228CA420851D02FB3FEB97236534E6B126F0D5023F5EC4E3DEA2F8BE4460F14F245E88
48F75E0AF8891265DECF14D458DC63C63C4E14C00C88F5B9B45A803B08E1EBDBB5307ADA41116EB6503050AE30B6F7D92E243209E06EDA0C98BCE0E412825853EA13D596F1C9F8B4AD59B0F35AEB2E9D779C4332D1C830C4F606DF3631AF64C6CBFE56A9D27AC504B4453E7EA54EDC73305D1C705664A7B47D61C2EB131AD666
7572CA2D11015FF7076E8DE50DC6BE70D7F37DAA27416C3DA26248F4CA403E97850AD9E8BB6182310E2DD5A23B395CA49A490EC3033846206CC744695AB4C36489814CFA66909CE161FE9852664A9D22C3D9B482B5629523584C252978CB44BF642C0DDEE705F9BEF8D79A06BBD5769CAEA8C55142D5C51960866A96A42BCC3A
895B1B9A5C4F29A69E1C613C52D42CF606BD6A95C5D7136DBD5C87706B3E431D5ECABF53D41FB1265D31A6914988CE4BDA95590CDEF2184198A754C394F08EEC48D5DE2BDB4140BFE3661BAB4BCF02A37A9265BBCDAC8A425DDD2FDD45A42023F4587BC87F4A0D035FBA90F77A4FB0950A6BC4FA2E90A49E75AD6C7609E60B42
3E1AFBBB2D2AD1DED6E5B674131E6A683CE25FC1AAE78A40416328CEA2F3BD1AE7052A709BD26DBDDD78488EC3B359553C09CFCBE5C30DA7B028295BCC0AF1E027EF6FF7A77C13D465D31B4E6B8E63DABEE9F3FBFFA62361DBBD5F3CC3409CFA2A89B7D0EBA70308739A9B563F37F4E205F78B0D20C1206191FF3F0227147393
7525F0D3F456253007EF7309FD4C120B4E44A4F8C089AE680E26DAD13A2B5AE7273B68F73456694BAF361C9F3291A151ECECCAEDB5AAE1A3C2C45F21A3A4B44D6B4BC4709365582C5F259B31A5727E9E57A44914EBE61BF42EDDF1CECF4A64049C31BB3E33E4508423CAC2688E888E68A9BAC1861A9FAB2AE2870F97F738BB2B
5A734587B8FD0CC180D14E0B1EA47604D9E4004120856E7E2C11F13097E46E81BEBBE6291C0B100FEF610226AD004F8721A91B0F16B4737DD88713AE206FE581FFD469BB68B5DD801EF229217C883E77D75FD57DA233BADCE63F688031B5676A7A3F6FC8C11BACE94651E165586C9A7DB844694E8452753A8B4B3CBBE9B01CE4
4EF3A1A22AD9E1E13498B7E6907F4A12D483969BB9ACFA574AD4329A57DDED17FAF30D10748B0C20107EB981632AF1217F785E50F5CDF7B444325DD6BFF9F65297F1D48AA27A58BE860EF118EA4CA6D3952F333C6D05B601E21444B9ECDF67B9663ED4C7ED3EE4264A1273935F4486EA64F7224C415C4DE54873E0536E0FB988
6E772D656BD2261E13697210E6D53F6CDD479505D48C6FFED988FC87415189AC61046C24142F47AB7F64E4ABD495CDAAC1BF07CDCF3C8B425AEB30A2AD34244DCC7AB4963825924C627C8580009A6CC7B0916C6CFD81BD9E73CF6573A06685D283FD6270C1CFACF0FAA3BFBD95AB444B0170860467FDFCD9B1812A3B7F4C8088
ED708C25E9B756127360331A8F89B6D3F64646387671AD708CC60D1E4EF995F651AFADE4441C042E7F9B48AA620E5BC48C42473B27C1CF1FC6C1E0C2BE817B10A53ACEDF16DFFEE6F781D153C13C9BE71C6006FDEBEE10B286131411D0D933150D92C83F3CCBECF11DFACA04CC30EDDCFD27FCE9B2DE93336F4A881E268BA18
DE19CFD84DD0A31929AE90DCDD1E3EE447CDC444A4B87EB60382749C4D5763112EBA932FD7CEA4724E8F9051E262883E37E12BBC30377E91A3C030168D1F2C2D941C4AB23F76EAE7F92614318FD81F408B98B2ECC3343F9F89B06C1F198654065D93666FC0FEA206BAC9EE6E125186D5188A468E4CD28604F606F2C29DCD7FC
115A5720958306D58356D28211EB655D3C3F7A7ACD8EB97FA9B26CD388DD21124A74735E983F5029B6DF2C0A667CE25DF23379BAFCDBD90823A2FD1C936EB4003EE75DAAD98C5B1DDA90FE0E55FE8BD6CE22395D7227A4AFF6AA09B7F398CF3EA5BCE8A5C8939CDC5F50BC3C9B8EBFA503EC91A37160FE495D6D8B5BEEA8DD9F
3C6BDB79ACB524BFAA6E88E49C28DA1447C11239FCFCA9334B9167D5FA6BF3CB7C4D7B993C32FDCC7FA837C2B5DFA354D08487C718250D3634B842DAD54A6B84085DE30F6BEED4163CF7F616F171193028638227CEA4CB1E271B5EA84E858C7941D243B2FF6BE2D43E1747A5137EB1E0992485FF8F488B2344EA2838225CA243
E758CA86CE735719CF96B3813FA4256BF4F6E4A77E495764193A1E787A282E3E8E92E96461C2A8E9D70220D4A3F7FFF5B58AB454B357421C44762D8119AF2E5169E030C22F452129C057A833F3121034A7C159492D6C2D33CE9E2E939CD5EA4549655EC4A7F5D8A5F305EA518D8BE94334A083909D17A674E40C70B1347D26C6
8281055B61F943B0270E217427C27155C755969508F457F34AB33F87B7964E5FF90E4D3CEE1579DB626EC1B029EFF660D35704278E9A91222BF8BF4796B561DD8D54ADC99F54BBE3DB71D26052DB3B92EFD427D2D0DF0ECAE39524B79A4EA04AEF2BB3EF83CFCF274090246C822FD3D380A024D773CFD371AEA115C8F77A0E18


