26902FF0D9BBDC2A127C2FA1984D6866CA7949981282BF90334F872339874EC2A43D1D725A154CECA5B7689F2AB0A0FD02D86131E5AB8E25C5F052D3729C6C63F32C5433A369C73A3F77E47DA76EB560F23A01AEE850F7EF9851120F999921A713D55942FDE2E51237C15D52C26521B276C0A272A4A246316A6839674A8C6581
12ACEB68653606DF0C278E79266F7EAD8A4B8206485ED31AFF7EE04AD065331AC3663713A26490A604FF336482EF71F8B23CD1703044C885990DB724428F4807A858D79CBFF7E72ADCC9C26B06D6BF409E77DA24CBF739503CB45C09D03496ACBB0C80204910B28FDA459CBD3183F0BA35FE785AE70D4D1F2E4E5CE1574F7A64
1BA82D9191BD2D16F37FA87F4522DD8781C578EFC61D4AF0E692A3E94C819F5BA84BD4935B7678277C61E3B94227636130ADEA02A5E4AA52CAE08EC40CCA9D405ECD6CB2C8202080DFADFA1832E07394B536C7D05F53FC032873729798EA98386A41BFF9BE1B9B6E3A8EB01299C4700EFBFF8CAFCE00254F44BD73F4B872DE59
C242456C7F586AE62638A4B3D9024FC25BD308C4A4DF5A35E9F012BF8D5A3F8D4EF77415022E260EF43572E1DF10BC65A5A16C5108C432A63692A41F247F12C5361D00EEA2406E242C36DCFA52E4C729F7C9F49BD3F377C27314AEE1FC45B22D89905D1A4B416628AB2521FE2EDCB302EA0A18ED15DDF91B8BB18A7C8677510C
7CEB38AC9A352005C8203323758956C4A0E35CE5EEC273F23756CABBEEFD42AEB93738ADB62825393FC017609EE95371372FB3901171F6668DA8F5AC7881CBAA9A2F62213A6B68C9C356F69DCEB84AE70E16F80954AFE4FB8267FA6CD26C56B472BFD6EBCB47446DACB6C25ED3F2CF34559D4667D4815E56A945F7E77DBD9E1C
65167F43EC1411CA0724E34FE10D1389FF5FAE0BA215E869A4DACB67976CA499AC1232065D1D1D601F4ACAB7DE49AA1A8BDDE320C80494474EBCB83D96E4DE31FEC651707042DF83665CA6BDF051C21174BD6B459BB066415787CA6D0D8A124F562979AA2BD599705461290BDF9F69DB81D883337B31FE28D05F79D56E399DAC
500E31A2B04833C280146A3FB8083B1485D94B46064FEB3CE757C156BF0046E1DBC10028E571BC37B8B2B8EA7061C88B21EAA28FA632674AB100A8221E7E7156A5B2436F0F49E494CF04A367748E8979688AF9457F7C8BCEE3599D9ED74D12011FC612275D9CB3331D8EB934D5B15915C0D4C7F55D33B2A531DE29C84B156A73
4BA86C1007E82EF440CD62A7BB33701BE1DE7AEC6878618DC5BB425E46BDB388496F20CDA83740DDCE50A8E8535A6CC36B5DCB8539F8F1A2093DA2FF3ACAF61B967FE051E68A6A48C0B26F1431D686E1800F98FD3ECC47D408D29F8DDF95B7E828C238BBD2E818DAEAFA1AF646B80A536ADAD5B84AF7786FFE9F5CA8C4CC090F
5B58B2519AC37905E6CE94ADE6438F59A8B0F3BF887D4329B230E4884A0058DF543A51A8CB633B5A01E2E290FC6D76B797E5169F0701ACD9175F7E6184308C5CD68E8EA282949859447A456D89E9B1A973354CA7D552F2876ADFA7BA0205F39859F3603A07A5604E71AAFC080BA4EF44D7862E74236833225F7E221D03658A79
3689B0A7F25BF684220E0F88BB23A92F6E49CA37C3F2C02823DC0A325BDE802523FACB13DDCF3D3474592DC7818CC794576E9F8EA0447161EB2ADBD5DB174D0D2D34685744171581F77F97BF09C64819D8D39222B8D46BB2AA255B7C0D5B015CACCB00D0BA75D987B611E8809F87212932E818BF3B9F05D173A4BDB65B8CAD8F
1C866BEBDD37FC6239C53A66BDC5CC85827DF162685D4E023A4FE3087F278C6E0E1CD05D699D7224CC0EB1172908AB0430CC64F9B117477B77DF1B207FEA5FA440A1022AB4D7A6144774C530317E8FC8BFE747ECCAE6EBD1D5589BAA23B2D5475F46201B7A168CF69D8791157B3F11CDBCAFED06B540BD893CC6E56B03C10F35
4B13C7872C5F014593903E15FE58BE278BAC008CCDBEA99B8E1F499115E309E9CD21D9C11011B5BE86A7214D8C519D31964E11A924C5D4F094FD3EF795BC0B0A8F17367B374294F748DF72F458D6491433401C626A16207A1C091428335B44F091012EFB597317E9CFCBCD3C72880E82CE52EAE5B73378DF5D0A1014AF3345CF
3DCBFC3A2BAC81D4072183D6F4B25848B73ABB796B53F8B719EA7E1BCB7698AFC1A7DA5CE97EB2DC338F91F92CB322B2E9D9BE0E8DC01A14C139EC52DD4E72D0310480E3E5180C6E3FF400B2DAC4015AB22D8A5AE597DAE99A2B5FA711DA1D7EA3D139336AEA371EE9C6D4B700866E17DB801E5B1D736DD0552B32CE90207B98
3F5739EECC3E32E5C59BA711678E75312D4199BC4D9BDA934A63E2E2267145C7DDF0D69D85CE902BA6657AB5BFB2B433DF7BF1A659B4B581F0390C8FCC0C928B83C895BC049EBED8CBF64F4AED1EC9817555D4B071310840E48B971172BBF86949B2840EECDAC2EEE5F80BBCE7B676FF1D92738317DA044E9EBE62137C158FD0
1F6562DAD1D6906431FB40BD77F102A6EFAD4F2765A490C8185AEAF549F0FC17525E9C20D3F7B6696F8F82C5AA4997D49830BAAC3C7F275B13D9F3C8E5FF38EB5300F550E9CE65DC8B382E9649D0D19FB94D41203DAB033E6569202FEB45378F101A7D56B6E992830BBF751FF7A4D71A623EBBC0FC43AB2A1CA2790FF8B16FE9
3813EC90E9B1DEA423FADDC531D2FC44E9EC17C7B5B14B058084D7D557814EB749A94C10368DDC60DFECBB0B4F27ED8D8C135BC48007C1273A76F3BF6E9F8968DA77DAD82F3C61644EAB349BE6079C546F41C35CC9BC23867007AE0EB01CE4BBAE9E8030590D78025A08078CD97D002CB902D215C8916FDF703F0CDEE33DFE99
5FD78461ED2A6EF351D831875703EE101F043E42E82D39B8B2CAEFBC8EA3C42D2C1F0EFD47CCCB835A5F6BFF1CB0B57F8AE7E70386F47FE215E09197104255985792DC186DA011E34FEA319FCFDE1C15F07835A6B206767765B3A015945221D66EB00E3816E2A5ADCBAFB2979B30BD467028C1B838BDC49C705EBEF83E00597B
23759D2EE9F1B365495458A82FA90126BA28A4778A0C5C026947389BD4AF2DD1552F65A7811293A0D95803626DD68D74C0181D58D3456C126C0F99DDC79035E74D83B6BF9FEC4C9FE82E9F5D208994722048F3DA9C5967050CBE0655FB3529F7EA0A5913DDD376D054A77B4727DF07E5A2828EE4BE9DEC529625B542808E48A1
6BCD8F098147C862A9799F641D2F09885B8ED111DEAA5A736A80A965E574D5FC3B1E59BE445B3EF17B1D4E63C8D93FB7979F3C1EF6CE2742627C11BF5B28AFD9651538362FA778C82EB81AE49B0B1BC438238000306AF3DA54FE686DEFC5C165FE1AF0E5C069941C89D2AC623A5516E7E3D1C0103FE2E0F133CA0CE07C267102
B8AECD337D5DEA9846B7D664BB456CB5BFB6789D8CF45A596DA25DE71EE226A897885E874CBFF52999122EFC4347AA2F7C5B36D6A61198011C46A4DD8E5C458D9F18A9D623BC8747574931D5B1E14EFCDFD3465D28C41A519F83315E885F0AE1E0F0B4D8830BB6491063E5878B97EFAE5049B6C038A873DD591915B517BF9F9F
